<?xml version="1.0" encoding="UTF-8"?>
<!-- Generated by org.testng.reporters.JUnitXMLReporter -->
<testsuite ignored="0" hostname="OV-GUR-064" failures="2" tests="5" name="Test" time="21.494" errors="0" timestamp="2025-10-15T12:42:50 IST">
  <testcase classname="testCases.TC_003_LoginDDT" name="verify_loginDDT" time="1.76"/>
  <testcase classname="testCases.TC_003_LoginDDT" name="verify_loginDDT" time="1.613">
    <failure type="java.lang.AssertionError" message="expected [true] but found [false]">
      <![CDATA[java.lang.AssertionError: expected [true] but found [false]
at testCases.TC_003_LoginDDT.verify_loginDDT(TC_003_LoginDDT.java:63)
at java.base/java.util.ArrayList.forEach(ArrayList.java:1596)
... Removed 29 stack frames]]>
    </failure>
  </testcase> <!-- verify_loginDDT -->
  <testcase classname="testCases.TC_003_LoginDDT" name="verify_loginDDT" time="1.692">
    <failure type="java.lang.AssertionError" message="expected [true] but found [false]">
      <![CDATA[java.lang.AssertionError: expected [true] but found [false]
at testCases.TC_003_LoginDDT.verify_loginDDT(TC_003_LoginDDT.java:63)
at java.base/java.util.ArrayList.forEach(ArrayList.java:1596)
... Removed 29 stack frames]]>
    </failure>
  </testcase> <!-- verify_loginDDT -->
  <testcase classname="testCases.TC_003_LoginDDT" name="verify_loginDDT" time="10.524"/>
  <testcase classname="testCases.TC_003_LoginDDT" name="verify_loginDDT" time="1.603"/>
</testsuite> <!-- Test -->
