<?xml version="1.0" encoding="UTF-8"?>
<testng-results ignored="0" total="1" passed="1" failed="0" skipped="0">
  <reporter-output>
  </reporter-output>
  <suite started-at="2025-10-11T22:00:36 IST" name="Suite" finished-at="2025-10-11T22:00:41 IST" duration-ms="4084">
    <groups>
    </groups>
    <test started-at="2025-10-11T22:00:36 IST" name="OpenCart Tests" finished-at="2025-10-11T22:00:41 IST" duration-ms="4084">
      <class name="testCases.TC_002_LoginTest">
        <test-method is-config="true" signature="setup(java.lang.String)[pri:0, instance:testCases.TC_002_LoginTest@74bada02]" started-at="2025-10-11T22:00:37 IST" name="setup" finished-at="2025-10-11T22:00:39 IST" duration-ms="2321" status="PASS">
          <params>
            <param index="0">
              <value>
                <![CDATA[chrome]]>
              </value>
            </param>
          </params>
          <reporter-output>
          </reporter-output>
        </test-method> <!-- setup -->
        <test-method signature="verify_login()[pri:0, instance:testCases.TC_002_LoginTest@74bada02]" started-at="2025-10-11T22:00:39 IST" name="verify_login" finished-at="2025-10-11T22:00:40 IST" duration-ms="1604" status="PASS">
          <reporter-output>
          </reporter-output>
        </test-method> <!-- verify_login -->
        <test-method is-config="true" signature="teardown()[pri:0, instance:testCases.TC_002_LoginTest@74bada02]" started-at="2025-10-11T22:00:40 IST" name="teardown" finished-at="2025-10-11T22:00:41 IST" duration-ms="116" status="PASS">
          <reporter-output>
          </reporter-output>
        </test-method> <!-- teardown -->
      </class> <!-- testCases.TC_002_LoginTest -->
    </test> <!-- OpenCart Tests -->
  </suite> <!-- Suite -->
</testng-results>
